================================================================================
PHASE 5C: Algorithmic Mode Alignment & Generalization
================================================================================

--- Processing Reynolds Number = 20 ---

--- Processing Reynolds Number = 22 ---

--- Processing Reynolds Number = 25 ---

--- Processing Reynolds Number = 30 ---

--- Processing Reynolds Number = 40 ---

================================================================================
Performing Mode Alignment via Hungarian Algorithm...
Re=22 aligned to Re=20. Average Channel Similarity: 0.8247
Re=25 aligned to Re=20. Average Channel Similarity: 0.7403
Re=30 aligned to Re=20. Average Channel Similarity: 0.8359
Re=40 aligned to Re=20. Average Channel Similarity: 0.8326

Training CNN on ALIGNED [Re=20, Re=25] Envelope...

================================================================================
Re    | Test Type       | PDE Residual    | Aligned DMD+CNN      | Status
================================================================================
22    | Interpolation   | -0.0164         | 0.0069               | DEGRADED
30    | Extrapolation   | -0.0544         | 0.0621               | DEGRADED
40    | Extrapolation   | 0.1235          | 0.3057               | DEGRADED
================================================================================

✓ Phase 5C metrics figure saved → outputs/phase5c_aligned_generalization.png
